        -:    0:Source:count_number_1_in_byte_v6.c
        -:    0:Graph:count_number_1_in_byte_v6.gcno
        -:    0:Data:count_number_1_in_byte_v6.gcda
        -:    0:Runs:1
        -:    0:Programs:1
        -:    1:/**
        -:    2: * @file count_number_1_in_byte_v1.c
        -:    3: * @brief count the number 1 in binary form of a byte(8 bits).
        -:    4: * @author chenxilinsidney
        -:    5: * @version 1.0
        -:    6: * @date 2014-12-28
        -:    7: */
        -:    8:
        -:    9:#include <stdlib.h>
        -:   10:#include <stdio.h>
        -:   11:
        -:   12:typedef unsigned int TYPE;
        -:   13:TYPE N = 234;
        -:   14:
function count_number_1_in_byte called 1 returned 100% blocks executed 100%
        1:   15:TYPE count_number_1_in_byte(TYPE n)
        -:   16:{
        2:   17:    n = n - ((n >> 1) & 033333333333) -
        1:   18:        ((n >> 2) & 011111111111);
        1:   19:    n = (n + (n >> 3)) & 030707070707;
        1:   20:    return n % 63;
        -:   21:}
        -:   22:
function main called 1 returned 100% blocks executed 100%
        1:   23:int main(void)
        -:   24:{
        1:   25:    TYPE sum = 0;
        1:   26:    sum = count_number_1_in_byte(N);
call    0 returned 100%
        1:   27:    printf("sum of number 1 in %d is %d.\n", N, sum);
call    0 returned 100%
        1:   28:    return EXIT_SUCCESS;
        -:   29:}
